Build started 3/1/2017 11:19:34 AM.
Project "C:\Users\pasta\Desktop\PluginTemplate-master\PluginTemplate\PluginTemplate.vcxproj" on node 2 (Build target(s)).
ClCompile:
  C:\Program Files\Microsoft Visual Studio 12.0\VC\bin\CL.exe /c /Zi /nologo /W3 /WX- /sdl /Od /Ob0 /Oi /Oy- /D _CRT_SECURE_NO_WARNINGS /D _USING_V110_SDK71_ /D _WINDLL /D _MBCS /Gm- /EHsc /RTC1 /MDd /GS /Gy /fp:precise /Zc:wchar_t /Zc:forScope /Fo"Debug\\" /Fd"Debug\vc120.pdb" /Gd /TP /analyze- /errorReport:prompt plugin.cpp
  plugin.cpp
Link:
  C:\Program Files\Microsoft Visual Studio 12.0\VC\bin\link.exe /ERRORREPORT:PROMPT /OUT:"C:\Users\pasta\Desktop\PluginTemplate-master\bin\x32d\PluginTemplate.dp32" /NOLOGO kernel32.lib user32.lib gdi32.lib winspool.lib comdlg32.lib advapi32.lib shell32.lib ole32.lib oleaut32.lib uuid.lib odbc32.lib odbccp32.lib /MANIFEST /MANIFESTUAC:"level='asInvoker' uiAccess='false'" /manifest:embed /DEBUG /PDB:"C:\Users\pasta\Desktop\PluginTemplate-master\bin\x32d\PluginTemplate.pdb" /SUBSYSTEM:WINDOWS,"5.01" /OPT:REF /OPT:ICF /TLBID:1 /DYNAMICBASE /NXCOMPAT /IMPLIB:"C:\Users\pasta\Desktop\PluginTemplate-master\bin\x32d\PluginTemplate.lib" /MACHINE:X86 /SAFESEH /DLL Debug\plugin.obj
  Debug\pluginmain.obj
  pluginsdk\capstone\capstone_x86.lib
  pluginsdk\DeviceNameResolver\DeviceNameResolver_x86.lib
  pluginsdk\jansson\jansson_x86.lib
  pluginsdk\lz4\lz4_x86.lib
  pluginsdk\TitanEngine\TitanEngine_x86.lib
  pluginsdk\x32bridge.lib
  pluginsdk\x32dbg.lib
  pluginsdk\XEDParse\XEDParse_x86.lib
  pluginsdk\yara\yara_x86.lib
     Creating library C:\Users\pasta\Desktop\PluginTemplate-master\bin\x32d\PluginTemplate.lib and object C:\Users\pasta\Desktop\PluginTemplate-master\bin\x32d\PluginTemplate.exp
  PluginTemplate.vcxproj -> C:\Users\pasta\Desktop\PluginTemplate-master\bin\x32d\PluginTemplate.dp32
Done Building Project "C:\Users\pasta\Desktop\PluginTemplate-master\PluginTemplate\PluginTemplate.vcxproj" (Build target(s)).

Build succeeded.

Time Elapsed 00:00:01.72
